This is pdfTeX, Version 3.14159265-2.6-1.40.21 (TeX Live 2020/W32TeX) (preloaded format=pdflatex 2020.11.15)  20 NOV 2020 07:02
entering extended mode
 restricted \write18 enabled.
 file:line:error style messages enabled.
 %&-line parsing enabled.
**c:/Users/jiaxi/Desktop/rp/report/report.tex
(c:/Users/jiaxi/Desktop/rp/report/report.tex
LaTeX2e <2020-10-01> patch level 2
L3 programming layer <2020-10-27> xparse <2020-03-03> (d:/latex/texlive/2020/texmf-dist/tex/latex/base/article.cls
Document Class: article 2020/04/10 v1.4m Standard LaTeX document class
(d:/latex/texlive/2020/texmf-dist/tex/latex/base/size10.clo
File: size10.clo 2020/04/10 v1.4m Standard LaTeX file (size option)
)
\c@part=\count175
\c@section=\count176
\c@subsection=\count177
\c@subsubsection=\count178
\c@paragraph=\count179
\c@subparagraph=\count180
\c@figure=\count181
\c@table=\count182
\abovecaptionskip=\skip47
\belowcaptionskip=\skip48
\bibindent=\dimen138
) (d:/latex/texlive/2020/texmf-dist/tex/latex/tools/indentfirst.sty
Package: indentfirst 1995/11/23 v1.03 Indent first paragraph (DPC)
) (d:/latex/texlive/2020/texmf-dist/tex/latex/graphics/graphicx.sty
Package: graphicx 2020/09/09 v1.2b Enhanced LaTeX Graphics (DPC,SPQR)
 (d:/latex/texlive/2020/texmf-dist/tex/latex/graphics/keyval.sty
Package: keyval 2014/10/28 v1.15 key=value parser (DPC)
\KV@toks@=\toks15
) (d:/latex/texlive/2020/texmf-dist/tex/latex/graphics/graphics.sty
Package: graphics 2020/08/30 v1.4c Standard LaTeX Graphics (DPC,SPQR)
 (d:/latex/texlive/2020/texmf-dist/tex/latex/graphics/trig.sty
Package: trig 2016/01/03 v1.10 sin cos tan (DPC)
) (d:/latex/texlive/2020/texmf-dist/tex/latex/graphics-cfg/graphics.cfg
File: graphics.cfg 2016/06/04 v1.11 sample graphics configuration
)
Package graphics Info: Driver file: pdftex.def on input line 105.
 (d:/latex/texlive/2020/texmf-dist/tex/latex/graphics-def/pdftex.def
File: pdftex.def 2020/10/05 v1.2a Graphics/color driver for pdftex
))
\Gin@req@height=\dimen139
\Gin@req@width=\dimen140
) (d:/latex/texlive/2020/texmf-dist/tex/latex/subfigure/subfigure.sty
Package: subfigure 2002/03/15 v2.1.5 subfigure package
\subfigtopskip=\skip49
\subfigcapskip=\skip50
\subfigcaptopadj=\dimen141
\subfigbottomskip=\skip51
\subfigcapmargin=\dimen142
\subfiglabelskip=\skip52
\c@subfigure=\count183
\c@lofdepth=\count184
\c@subtable=\count185
\c@lotdepth=\count186

****************************************
* Local config file subfigure.cfg used *
****************************************
(d:/latex/texlive/2020/texmf-dist/tex/latex/subfigure/subfigure.cfg)
\subfig@top=\skip53
\subfig@bottom=\skip54
) (d:/latex/texlive/2020/texmf-dist/tex/latex/booktabs/booktabs.sty
Package: booktabs 2020/01/12 v1.61803398 Publication quality tables
\heavyrulewidth=\dimen143
\lightrulewidth=\dimen144
\cmidrulewidth=\dimen145
\belowrulesep=\dimen146
\belowbottomsep=\dimen147
\aboverulesep=\dimen148
\abovetopsep=\dimen149
\cmidrulesep=\dimen150
\cmidrulekern=\dimen151
\defaultaddspace=\dimen152
\@cmidla=\count187
\@cmidlb=\count188
\@aboverulesep=\dimen153
\@belowrulesep=\dimen154
\@thisruleclass=\count189
\@lastruleclass=\count190
\@thisrulewidth=\dimen155
) (d:/latex/texlive/2020/texmf-dist/tex/latex/float/float.sty
Package: float 2001/11/08 v1.3d Float enhancements (AL)
\c@float@type=\count191
\float@exts=\toks16
\float@box=\box47
\@float@everytoks=\toks17
\@floatcapt=\box48
) (d:/latex/texlive/2020/texmf-dist/tex/latex/l3backend/l3backend-pdftex.def
File: l3backend-pdftex.def 2020-09-24 L3 backend support: PDF output (pdfTeX)
\l__kernel_color_stack_int=\count192
\l__pdf_internal_box=\box49
) (c:/Users/jiaxi/Desktop/rp/report/report.aux)
\openout1 = `report.aux'.

LaTeX Font Info:    Checking defaults for OML/cmm/m/it on input line 8.
LaTeX Font Info:    ... okay on input line 8.
LaTeX Font Info:    Checking defaults for OMS/cmsy/m/n on input line 8.
LaTeX Font Info:    ... okay on input line 8.
LaTeX Font Info:    Checking defaults for OT1/cmr/m/n on input line 8.
LaTeX Font Info:    ... okay on input line 8.
LaTeX Font Info:    Checking defaults for T1/cmr/m/n on input line 8.
LaTeX Font Info:    ... okay on input line 8.
LaTeX Font Info:    Checking defaults for TS1/cmr/m/n on input line 8.
LaTeX Font Info:    ... okay on input line 8.
LaTeX Font Info:    Checking defaults for OMX/cmex/m/n on input line 8.
LaTeX Font Info:    ... okay on input line 8.
LaTeX Font Info:    Checking defaults for U/cmr/m/n on input line 8.
LaTeX Font Info:    ... okay on input line 8.
 (d:/latex/texlive/2020/texmf-dist/tex/context/base/mkii/supp-pdf.mkii
[Loading MPS to PDF converter (version 2006.09.02).]
\scratchcounter=\count193
\scratchdimen=\dimen156
\scratchbox=\box50
\nofMPsegments=\count194
\nofMParguments=\count195
\everyMPshowfont=\toks18
\MPscratchCnt=\count196
\MPscratchDim=\dimen157
\MPnumerator=\count197
\makeMPintoPDFobject=\count198
\everyMPtoPDFconversion=\toks19
) (d:/latex/texlive/2020/texmf-dist/tex/latex/epstopdf-pkg/epstopdf-base.sty
Package: epstopdf-base 2020-01-24 v2.11 Base part for package epstopdf
Package epstopdf-base Info: Redefining graphics rule for `.eps' on input line 485.
 (d:/latex/texlive/2020/texmf-dist/tex/latex/latexconfig/epstopdf-sys.cfg
File: epstopdf-sys.cfg 2010/07/13 v1.3 Configuration of (r)epstopdf for TeX Live
))
Overfull \hbox (2.91609pt too wide) in paragraph at lines 14--15
[]\OT1/cmr/m/n/9 Nowadays, med-i-cal im-ages are widely used in med-i-cal treat-ment, among
 []

[1

{d:/latex/texlive/2020/texmf-var/fonts/map/pdftex/updmap/pdftex.map}] [2]
Overfull \hbox (10.74124pt too wide) in paragraph at lines 84--87
\OT1/cmr/m/n/10 learn-ing ar-chi-tec-ture ResUNet-a can be used. This is based on the en-coder/decoder
 []

[3] [4]
<Unet_model.png, id=19, 333.1647pt x 221.628pt>
File: Unet_model.png Graphic file (type png)
<use Unet_model.png>
Package pdftex.def Info: Unet_model.png  used on input line 143.
(pdftex.def)             Requested size: 252.94499pt x 168.26656pt.
<Unet++.png, id=21, 1544.01843pt x 951.555pt>
File: Unet++.png Graphic file (type png)
<use Unet++.png>
Package pdftex.def Info: Unet++.png  used on input line 165.
(pdftex.def)             Requested size: 252.94499pt x 155.88179pt.
 [5 <c:/Users/jiaxi/Desktop/rp/report/Unet_model.png>]
<SegNet.png, id=26, 290.88675pt x 136.1085pt>
File: SegNet.png Graphic file (type png)
<use SegNet.png>
Package pdftex.def Info: SegNet.png  used on input line 186.
(pdftex.def)             Requested size: 252.94499pt x 118.35942pt.
 [6 <c:/Users/jiaxi/Desktop/rp/report/Unet++.png>]
<Seg-Unet.png, id=31, 343.88475pt x 408.92775pt>
File: Seg-Unet.png Graphic file (type png)
<use Seg-Unet.png>
Package pdftex.def Info: Seg-Unet.png  used on input line 203.
(pdftex.def)             Requested size: 144.54pt x 171.87952pt.
 [7 <c:/Users/jiaxi/Desktop/rp/report/SegNet.png>]
<architecture of U-Net.png, id=37, 174.6525pt x 205.5178pt>
File: architecture of U-Net.png Graphic file (type png)
<use architecture of U-Net.png>
Package pdftex.def Info: architecture of U-Net.png  used on input line 219.
(pdftex.def)             Requested size: 108.405pt x 127.56396pt.
 [8 <c:/Users/jiaxi/Desktop/rp/report/Seg-Unet.png>]
<Residual Network.png, id=43, 411.03563pt x 332.74312pt>
File: Residual Network.png Graphic file (type png)
<use Residual Network.png>
Package pdftex.def Info: Residual Network.png  used on input line 230.
(pdftex.def)             Requested size: 108.405pt x 87.75508pt.
<architecture of ResUNet.png, id=44, 295.85532pt x 577.40718pt>
File: architecture of ResUNet.png Graphic file (type png)
<use architecture of ResUNet.png>
Package pdftex.def Info: architecture of ResUNet.png  used on input line 241.
(pdftex.def)             Requested size: 108.405pt x 211.56683pt.
 [9 <c:/Users/jiaxi/Desktop/rp/report/architecture of U-Net.png> <c:/Users/jiaxi/Desktop/rp/report/Residual Network.png>] [10 <c:/Users/jiaxi/Desktop/rp/report/architecture of ResUNet.png>]
LaTeX Font Info:    External font `cmex10' loaded for size
(Font)              <7> on input line 262.
LaTeX Font Info:    External font `cmex10' loaded for size
(Font)              <5> on input line 262.
 [11]
<Unet_loss.png, id=56, 433.62pt x 289.08pt>
File: Unet_loss.png Graphic file (type png)
<use Unet_loss.png>
Package pdftex.def Info: Unet_loss.png  used on input line 292.
(pdftex.def)             Requested size: 122.34692pt x 81.5638pt.

Overfull \hbox (8.49629pt too wide) in paragraph at lines 292--292
[][] 
 []

<UnetPP_loss.png, id=57, 433.62pt x 289.08pt>
File: UnetPP_loss.png Graphic file (type png)
<use UnetPP_loss.png>
Package pdftex.def Info: UnetPP_loss.png  used on input line 298.
(pdftex.def)             Requested size: 122.34692pt x 81.5638pt.

Overfull \hbox (8.49629pt too wide) in paragraph at lines 298--298
[][] 
 []

<ResUNet_loss.png, id=58, 433.62pt x 289.08pt>
File: ResUNet_loss.png Graphic file (type png)
<use ResUNet_loss.png>
Package pdftex.def Info: ResUNet_loss.png  used on input line 304.
(pdftex.def)             Requested size: 122.34692pt x 81.5638pt.

Overfull \hbox (8.49629pt too wide) in paragraph at lines 304--304
[][] 
 []


Overfull \hbox (9.88521pt too wide) in paragraph at lines 292--305
[][][][] 
 []

<SegNet_loss.png, id=59, 433.62pt x 289.08pt>
File: SegNet_loss.png Graphic file (type png)
<use SegNet_loss.png>
Package pdftex.def Info: SegNet_loss.png  used on input line 315.
(pdftex.def)             Requested size: 122.34692pt x 81.5638pt.
<SegUnet_loss.png, id=60, 433.62pt x 289.08pt>
File: SegUnet_loss.png Graphic file (type png)
<use SegUnet_loss.png>
Package pdftex.def Info: SegUnet_loss.png  used on input line 322.
(pdftex.def)             Requested size: 122.34692pt x 81.5638pt.

Overfull \hbox (15.55553pt too wide) in paragraph at lines 315--323
[][] [] 
 []

[12 <c:/Users/jiaxi/Desktop/rp/report/Unet_loss.png> <c:/Users/jiaxi/Desktop/rp/report/UnetPP_loss.png> <c:/Users/jiaxi/Desktop/rp/report/ResUNet_loss.png>]
<SegmentationResults.png, id=68, 548.89066pt x 1352.8944pt>
File: SegmentationResults.png Graphic file (type png)
<use SegmentationResults.png>
Package pdftex.def Info: SegmentationResults.png  used on input line 329.
(pdftex.def)             Requested size: 256.0748pt x 631.1744pt.
 [13 <c:/Users/jiaxi/Desktop/rp/report/SegNet_loss.png> <c:/Users/jiaxi/Desktop/rp/report/SegUnet_loss.png>]
Overfull \vbox (115.1744pt too high) has occurred while \output is active []

 [14 <c:/Users/jiaxi/Desktop/rp/report/SegmentationResults.png>]
Overfull \hbox (13.06242pt too wide) in paragraph at lines 336--341
[][] 
 []

(c:/Users/jiaxi/Desktop/rp/report/report.bbl [15] [16] [17]) [18] (c:/Users/jiaxi/Desktop/rp/report/report.aux) ) 
Here is how much of TeX's memory you used:
 1616 strings out of 479485
 25153 string characters out of 5872945
 297892 words of memory out of 5000000
 18636 multiletter control sequences out of 15000+600000
 537858 words of font info for 38 fonts, out of 8000000 for 9000
 1141 hyphenation exceptions out of 8191
 66i,8n,72p,865b,304s stack positions out of 5000i,500n,10000p,200000b,80000s
<d:/latex/texlive/2020/texmf-dist/fonts/type1/public/amsfonts/cm/cmbx10.pfb><d:/latex/texlive/2020/texmf-dist/fonts/type1/public/amsfonts/cm/cmbx12.pfb><d:/latex/texlive/2020/texmf-dist/fonts/type1/public/amsfonts/cm/cmbx9.pfb><d:/latex/texlive/2020/texmf-dist/fonts/type1/public/amsfonts/cm/cmmi10.pfb><d:/latex/texlive/2020/texmf-dist/fonts/type1/public/amsfonts/cm/cmr10.pfb><d:/latex/texlive/2020/texmf-dist/fonts/type1/public/amsfonts/cm/cmr8.pfb><d:/latex/texlive/2020/texmf-dist/fonts/type1/public/amsfonts/cm/cmr9.pfb><d:/latex/texlive/2020/texmf-dist/fonts/type1/public/amsfonts/cm/cmsy10.pfb><d:/latex/texlive/2020/texmf-dist/fonts/type1/public/amsfonts/cm/cmti10.pfb>
Output written on c:/Users/jiaxi/Desktop/rp/report/report.pdf (18 pages, 1565048 bytes).
PDF statistics:
 122 PDF objects out of 1000 (max. 8388607)
 69 compressed objects within 1 object stream
 0 named destinations out of 1000 (max. 500000)
 66 words of extra memory for PDF output out of 10000 (max. 10000000)

