This is pdfTeX, Version 3.14159265-2.6-1.40.21 (TeX Live 2020/W32TeX) (preloaded format=pdflatex 2020.11.15)  21 NOV 2020 21:22
entering extended mode
 restricted \write18 enabled.
 file:line:error style messages enabled.
 %&-line parsing enabled.
**c:/Users/jiaxi/Desktop/version_control/templet_version/report/report.tex
(c:/Users/jiaxi/Desktop/version_control/templet_version/report/report.tex
LaTeX2e <2020-10-01> patch level 2
L3 programming layer <2020-10-27> xparse <2020-03-03> (d:/latex/texlive/2020/texmf-dist/tex/latex/base/article.cls
Document Class: article 2020/04/10 v1.4m Standard LaTeX document class
(d:/latex/texlive/2020/texmf-dist/tex/latex/base/size10.clo
File: size10.clo 2020/04/10 v1.4m Standard LaTeX file (size option)
)
\c@part=\count175
\c@section=\count176
\c@subsection=\count177
\c@subsubsection=\count178
\c@paragraph=\count179
\c@subparagraph=\count180
\c@figure=\count181
\c@table=\count182
\abovecaptionskip=\skip47
\belowcaptionskip=\skip48
\bibindent=\dimen138
) (c:/Users/jiaxi/Desktop/version_control/templet_version/report/spconf.sty) (d:/latex/texlive/2020/texmf-dist/tex/latex/amsmath/amsmath.sty
Package: amsmath 2020/09/23 v2.17i AMS math features
\@mathmargin=\skip49

For additional information on amsmath, use the `?' option.
(d:/latex/texlive/2020/texmf-dist/tex/latex/amsmath/amstext.sty
Package: amstext 2000/06/29 v2.01 AMS text
 (d:/latex/texlive/2020/texmf-dist/tex/latex/amsmath/amsgen.sty
File: amsgen.sty 1999/11/30 v2.0 generic functions
\@emptytoks=\toks15
\ex@=\dimen139
)) (d:/latex/texlive/2020/texmf-dist/tex/latex/amsmath/amsbsy.sty
Package: amsbsy 1999/11/29 v1.2d Bold Symbols
\pmbraise@=\dimen140
) (d:/latex/texlive/2020/texmf-dist/tex/latex/amsmath/amsopn.sty
Package: amsopn 2016/03/08 v2.02 operator names
)
\inf@bad=\count183
LaTeX Info: Redefining \frac on input line 234.
\uproot@=\count184
\leftroot@=\count185
LaTeX Info: Redefining \overline on input line 399.
\classnum@=\count186
\DOTSCASE@=\count187
LaTeX Info: Redefining \ldots on input line 496.
LaTeX Info: Redefining \dots on input line 499.
LaTeX Info: Redefining \cdots on input line 620.
\Mathstrutbox@=\box47
\strutbox@=\box48
\big@size=\dimen141
LaTeX Font Info:    Redeclaring font encoding OML on input line 743.
LaTeX Font Info:    Redeclaring font encoding OMS on input line 744.
\macc@depth=\count188
\c@MaxMatrixCols=\count189
\dotsspace@=\muskip16
\c@parentequation=\count190
\dspbrk@lvl=\count191
\tag@help=\toks16
\row@=\count192
\column@=\count193
\maxfields@=\count194
\andhelp@=\toks17
\eqnshift@=\dimen142
\alignsep@=\dimen143
\tagshift@=\dimen144
\tagwidth@=\dimen145
\totwidth@=\dimen146
\lineht@=\dimen147
\@envbody=\toks18
\multlinegap=\skip50
\multlinetaggap=\skip51
\mathdisplay@stack=\toks19
LaTeX Info: Redefining \[ on input line 2923.
LaTeX Info: Redefining \] on input line 2924.
) (d:/latex/texlive/2020/texmf-dist/tex/latex/graphics/graphicx.sty
Package: graphicx 2020/09/09 v1.2b Enhanced LaTeX Graphics (DPC,SPQR)
 (d:/latex/texlive/2020/texmf-dist/tex/latex/graphics/keyval.sty
Package: keyval 2014/10/28 v1.15 key=value parser (DPC)
\KV@toks@=\toks20
) (d:/latex/texlive/2020/texmf-dist/tex/latex/graphics/graphics.sty
Package: graphics 2020/08/30 v1.4c Standard LaTeX Graphics (DPC,SPQR)
 (d:/latex/texlive/2020/texmf-dist/tex/latex/graphics/trig.sty
Package: trig 2016/01/03 v1.10 sin cos tan (DPC)
) (d:/latex/texlive/2020/texmf-dist/tex/latex/graphics-cfg/graphics.cfg
File: graphics.cfg 2016/06/04 v1.11 sample graphics configuration
)
Package graphics Info: Driver file: pdftex.def on input line 105.
 (d:/latex/texlive/2020/texmf-dist/tex/latex/graphics-def/pdftex.def
File: pdftex.def 2020/10/05 v1.2a Graphics/color driver for pdftex
))
\Gin@req@height=\dimen148
\Gin@req@width=\dimen149
) (d:/latex/texlive/2020/texmf-dist/tex/latex/tools/indentfirst.sty
Package: indentfirst 1995/11/23 v1.03 Indent first paragraph (DPC)
) (d:/latex/texlive/2020/texmf-dist/tex/latex/subfigure/subfigure.sty
Package: subfigure 2002/03/15 v2.1.5 subfigure package
\subfigtopskip=\skip52
\subfigcapskip=\skip53
\subfigcaptopadj=\dimen150
\subfigbottomskip=\skip54
\subfigcapmargin=\dimen151
\subfiglabelskip=\skip55
\c@subfigure=\count195
\c@lofdepth=\count196
\c@subtable=\count197
\c@lotdepth=\count198

****************************************
* Local config file subfigure.cfg used *
****************************************
(d:/latex/texlive/2020/texmf-dist/tex/latex/subfigure/subfigure.cfg)
\subfig@top=\skip56
\subfig@bottom=\skip57
) (d:/latex/texlive/2020/texmf-dist/tex/latex/booktabs/booktabs.sty
Package: booktabs 2020/01/12 v1.61803398 Publication quality tables
\heavyrulewidth=\dimen152
\lightrulewidth=\dimen153
\cmidrulewidth=\dimen154
\belowrulesep=\dimen155
\belowbottomsep=\dimen156
\aboverulesep=\dimen157
\abovetopsep=\dimen158
\cmidrulesep=\dimen159
\cmidrulekern=\dimen160
\defaultaddspace=\dimen161
\@cmidla=\count199
\@cmidlb=\count266
\@aboverulesep=\dimen162
\@belowrulesep=\dimen163
\@thisruleclass=\count267
\@lastruleclass=\count268
\@thisrulewidth=\dimen164
) (d:/latex/texlive/2020/texmf-dist/tex/latex/float/float.sty
Package: float 2001/11/08 v1.3d Float enhancements (AL)
\c@float@type=\count269
\float@exts=\toks21
\float@box=\box49
\@float@everytoks=\toks22
\@floatcapt=\box50
) (d:/latex/texlive/2020/texmf-dist/tex/latex/makecell/makecell.sty
Package: makecell 2009/08/03 V0.1e Managing of Tab Column Heads and Cells
 (d:/latex/texlive/2020/texmf-dist/tex/latex/tools/array.sty
Package: array 2020/10/01 v2.5c Tabular extension package (FMi)
\col@sep=\dimen165
\ar@mcellbox=\box51
\extrarowheight=\dimen166
\NC@list=\toks23
\extratabsurround=\skip58
\backup@length=\skip59
\ar@cellbox=\box52
)
\rotheadsize=\dimen167
\c@nlinenum=\count270
\TeXr@lab=\toks24
)
LaTeX Font Info:    Trying to load font information for OT1+ptm on input line 30.
 (d:/latex/texlive/2020/texmf-dist/tex/latex/psnfss/ot1ptm.fd
File: ot1ptm.fd 2001/06/04 font definitions for OT1/ptm.
) (d:/latex/texlive/2020/texmf-dist/tex/latex/l3backend/l3backend-pdftex.def
File: l3backend-pdftex.def 2020-09-24 L3 backend support: PDF output (pdfTeX)
\l__kernel_color_stack_int=\count271
\l__pdf_internal_box=\box53
) (c:/Users/jiaxi/Desktop/version_control/templet_version/report/report.aux)
\openout1 = `report.aux'.

LaTeX Font Info:    Checking defaults for OML/cmm/m/it on input line 30.
LaTeX Font Info:    ... okay on input line 30.
LaTeX Font Info:    Checking defaults for OMS/cmsy/m/n on input line 30.
LaTeX Font Info:    ... okay on input line 30.
LaTeX Font Info:    Checking defaults for OT1/cmr/m/n on input line 30.
LaTeX Font Info:    ... okay on input line 30.
LaTeX Font Info:    Checking defaults for T1/cmr/m/n on input line 30.
LaTeX Font Info:    ... okay on input line 30.
LaTeX Font Info:    Checking defaults for TS1/cmr/m/n on input line 30.
LaTeX Font Info:    ... okay on input line 30.
LaTeX Font Info:    Checking defaults for OMX/cmex/m/n on input line 30.
LaTeX Font Info:    ... okay on input line 30.
LaTeX Font Info:    Checking defaults for U/cmr/m/n on input line 30.
LaTeX Font Info:    ... okay on input line 30.
 (d:/latex/texlive/2020/texmf-dist/tex/context/base/mkii/supp-pdf.mkii
[Loading MPS to PDF converter (version 2006.09.02).]
\scratchcounter=\count272
\scratchdimen=\dimen168
\scratchbox=\box54
\nofMPsegments=\count273
\nofMParguments=\count274
\everyMPshowfont=\toks25
\MPscratchCnt=\count275
\MPscratchDim=\dimen169
\MPnumerator=\count276
\makeMPintoPDFobject=\count277
\everyMPtoPDFconversion=\toks26
) (d:/latex/texlive/2020/texmf-dist/tex/latex/epstopdf-pkg/epstopdf-base.sty
Package: epstopdf-base 2020-01-24 v2.11 Base part for package epstopdf
Package epstopdf-base Info: Redefining graphics rule for `.eps' on input line 485.
 (d:/latex/texlive/2020/texmf-dist/tex/latex/latexconfig/epstopdf-sys.cfg
File: epstopdf-sys.cfg 2010/07/13 v1.3 Configuration of (r)epstopdf for TeX Live
)) [1{d:/latex/texlive/2020/texmf-var/fonts/map/pdftex/updmap/pdftex.map}



] [2]
<Unet_model.png, id=12, 333.1647pt x 221.628pt>
File: Unet_model.png Graphic file (type png)
<use Unet_model.png>
Package pdftex.def Info: Unet_model.png  used on input line 165.
(pdftex.def)             Requested size: 252.94499pt x 168.26656pt.

Overfull \hbox (8.2513pt too wide) in paragraph at lines 165--166
 [][] 
 []

<Unet++.png, id=14, 1544.01843pt x 951.555pt>
File: Unet++.png Graphic file (type png)
<use Unet++.png>
Package pdftex.def Info: Unet++.png  used on input line 186.
(pdftex.def)             Requested size: 252.94499pt x 155.88179pt.

Overfull \hbox (8.2513pt too wide) in paragraph at lines 186--187
 [][] 
 []


Underfull \vbox (badness 10000) has occurred while \output is active []

 [3 <c:/Users/jiaxi/Desktop/version_control/templet_version/report/Unet_model.png>]
<SegNet.png, id=19, 290.88675pt x 136.1085pt>
File: SegNet.png Graphic file (type png)
<use SegNet.png>
Package pdftex.def Info: SegNet.png  used on input line 206.
(pdftex.def)             Requested size: 252.94499pt x 118.35942pt.

Overfull \hbox (8.2513pt too wide) in paragraph at lines 206--207
 [][] 
 []

<Seg-Unet.png, id=20, 343.88475pt x 408.92775pt>
File: Seg-Unet.png Graphic file (type png)
<use Seg-Unet.png>
Package pdftex.def Info: Seg-Unet.png  used on input line 223.
(pdftex.def)             Requested size: 144.54pt x 171.87952pt.
[4 <c:/Users/jiaxi/Desktop/version_control/templet_version/report/Unet++.png> <c:/Users/jiaxi/Desktop/version_control/templet_version/report/SegNet.png> <c:/Users/jiaxi/Desktop/version_control/templet_version/report/Seg-Unet.png>]
<architecture of U-Net.png, id=27, 174.6525pt x 205.5178pt>
File: architecture of U-Net.png Graphic file (type png)
<use architecture of U-Net.png>
Package pdftex.def Info: architecture of U-Net.png  used on input line 239.
(pdftex.def)             Requested size: 108.405pt x 127.56396pt.
<Residual Network.png, id=28, 411.03563pt x 332.74312pt>
File: Residual Network.png Graphic file (type png)
<use Residual Network.png>
Package pdftex.def Info: Residual Network.png  used on input line 250.
(pdftex.def)             Requested size: 108.405pt x 87.75508pt.
<architecture of ResUNet.png, id=29, 295.85532pt x 577.40718pt>
File: architecture of ResUNet.png Graphic file (type png)
<use architecture of ResUNet.png>
Package pdftex.def Info: architecture of ResUNet.png  used on input line 261.
(pdftex.def)             Requested size: 108.405pt x 211.56683pt.
<OrignalMask.png, id=30, 433.62pt x 289.08pt>
File: OrignalMask.png Graphic file (type png)
<use OrignalMask.png>
Package pdftex.def Info: OrignalMask.png  used on input line 281.
(pdftex.def)             Requested size: 256.0748pt x 170.72333pt.

Overfull \hbox (11.3811pt too wide) in paragraph at lines 281--282
 [][] 
 []

[5 <c:/Users/jiaxi/Desktop/version_control/templet_version/report/architecture of U-Net.png> <c:/Users/jiaxi/Desktop/version_control/templet_version/report/Residual Network.png> <c:/Users/jiaxi/Desktop/version_control/templet_version/report/architecture of ResUNet.png>]
Underfull \hbox (badness 1348) in paragraph at lines 298--299
[]\OT1/ptm/m/n/10 Suprosanna et al.[[]] pro-posed a new met-ric called
 []

<Unet_loss.png, id=34, 433.62pt x 289.08pt>
File: Unet_loss.png Graphic file (type png)
<use Unet_loss.png>
Package pdftex.def Info: Unet_loss.png  used on input line 323.
(pdftex.def)             Requested size: 142.26378pt x 94.8409pt.

Overfull \hbox (19.91693pt too wide) in paragraph at lines 323--323
 [][] 
 []

<UnetPP_loss.png, id=35, 433.62pt x 289.08pt>
File: UnetPP_loss.png Graphic file (type png)
<use UnetPP_loss.png>
Package pdftex.def Info: UnetPP_loss.png  used on input line 331.
(pdftex.def)             Requested size: 142.26378pt x 94.8409pt.

Overfull \hbox (19.91693pt too wide) in paragraph at lines 331--331
 [][] 
 []

<ResUNet_loss.png, id=36, 433.62pt x 289.08pt>
File: ResUNet_loss.png Graphic file (type png)
<use ResUNet_loss.png>
Package pdftex.def Info: ResUNet_loss.png  used on input line 339.
(pdftex.def)             Requested size: 142.26378pt x 94.8409pt.

Overfull \hbox (19.91693pt too wide) in paragraph at lines 339--339
 [][] 
 []


Underfull \vbox (badness 10000) has occurred while \output is active []

 [6 <c:/Users/jiaxi/Desktop/version_control/templet_version/report/OrignalMask.png>]
<SegNet_loss.png, id=44, 433.62pt x 289.08pt>
File: SegNet_loss.png Graphic file (type png)
<use SegNet_loss.png>
Package pdftex.def Info: SegNet_loss.png  used on input line 351.
(pdftex.def)             Requested size: 142.26378pt x 94.8409pt.

Overfull \hbox (19.91693pt too wide) in paragraph at lines 351--351
 [][] 
 []

<SegUnet_loss.png, id=45, 433.62pt x 289.08pt>
File: SegUnet_loss.png Graphic file (type png)
<use SegUnet_loss.png>
Package pdftex.def Info: SegUnet_loss.png  used on input line 359.
(pdftex.def)             Requested size: 142.26378pt x 94.8409pt.

Overfull \hbox (19.91693pt too wide) in paragraph at lines 359--359
 [][] 
 []

<SegmentationResults.png, id=46, 548.89066pt x 1352.8944pt>
File: SegmentationResults.png Graphic file (type png)
<use SegmentationResults.png>
Package pdftex.def Info: SegmentationResults.png  used on input line 366.
(pdftex.def)             Requested size: 256.0748pt x 631.1744pt.

Overfull \hbox (11.3811pt too wide) in paragraph at lines 366--367
 [][] 
 []


Underfull \vbox (badness 7221) has occurred while \output is active []


Underfull \vbox (badness 10000) has occurred while \output is active []

 [7 <c:/Users/jiaxi/Desktop/version_control/templet_version/report/Unet_loss.png> <c:/Users/jiaxi/Desktop/version_control/templet_version/report/UnetPP_loss.png> <c:/Users/jiaxi/Desktop/version_control/templet_version/report/ResUNet_loss.png> <c:/Users/jiaxi/Desktop/version_control/templet_version/report/SegNet_loss.png> <c:/Users/jiaxi/Desktop/version_control/templet_version/report/SegUnet_loss.png>]
Overfull \vbox (15.77121pt too high) has occurred while \output is active []


Overfull \hbox (23.13461pt too wide) in paragraph at lines 373--378
[][] 
 []

(c:/Users/jiaxi/Desktop/version_control/templet_version/report/report.bbl [8 <c:/Users/jiaxi/Desktop/version_control/templet_version/report/SegmentationResults.png>]
Underfull \hbox (badness 4595) in paragraph at lines 10--15
\OT1/ptm/m/n/10 Oprea, Vic-tor Villena-Martinez, and Jos[]e Garc[]^^Pa
 []


Underfull \hbox (badness 3271) in paragraph at lines 10--15
\OT1/ptm/m/n/10 ap-plied to se-man-tic seg-men-ta-tion,''  \OT1/ptm/m/it/10 CoRR\OT1/ptm/m/n/10 , vol.
 []


Underfull \hbox (badness 2229) in paragraph at lines 56--60
[]\OT1/ptm/m/n/10 Vijay Badri-narayanan, Alex Kendall, and Roberto
 []


Underfull \hbox (badness 4229) in paragraph at lines 62--67
[]\OT1/ptm/m/n/10 Nhu-Tai Do, Sang-Don Joo, Hyung-Jeong Yang,
 []


Underfull \hbox (badness 1454) in paragraph at lines 88--93
[]\OT1/ptm/m/n/10 Kun Zhang, Hong-bin Zhang, Huiyu Zhou, Danny
 []


Underfull \hbox (badness 1210) in paragraph at lines 102--108
[]\OT1/ptm/m/n/10 Debesh Jha, Pia H Smed-srud, Michael A Riegler,
 []


Underfull \hbox (badness 1448) in paragraph at lines 110--114
\OT1/ptm/m/n/10 Gold-stein,  ``Stacked u-nets: a no-frills ap-proach
 []


Underfull \hbox (badness 3168) in paragraph at lines 110--114
\OT1/ptm/m/n/10 to nat-u-ral im-age seg-men-ta-tion,''  \OT1/ptm/m/it/10 arXiv preprint
 []


Underfull \hbox (badness 1270) in paragraph at lines 127--134
\OT1/ptm/m/n/10 bas-tian Wald-stein, Bianca S Geren-das, and Ur-sula
 []


Underfull \hbox (badness 2277) in paragraph at lines 136--142
[]\OT1/ptm/m/n/10 Hoo-Chang Shin, Neil A Tenen-holtz, Jame-son K
 []

[9]
Underfull \hbox (badness 1019) in paragraph at lines 191--195
[]\OT1/ptm/m/n/10 Md Amirul Is-lam, Mri-g-ank Rochan, Shu-jon Naha,
 []


Underfull \hbox (badness 8189) in paragraph at lines 209--214
[]\OT1/ptm/m/n/10 Suprosanna Shit, Jo-hannes C Paet-zold, An-jany
 []

) [10] (c:/Users/jiaxi/Desktop/version_control/templet_version/report/report.aux) ) 
Here is how much of TeX's memory you used:
 2542 strings out of 479485
 36354 string characters out of 5872945
 323234 words of memory out of 5000000
 19520 multiletter control sequences out of 15000+600000
 550327 words of font info for 57 fonts, out of 8000000 for 9000
 1141 hyphenation exceptions out of 8191
 66i,15n,72p,894b,312s stack positions out of 5000i,500n,10000p,200000b,80000s
{d:/latex/texlive/2020/texmf-dist/fonts/enc/dvips/base/8r.enc}<d:/latex/texlive/2020/texmf-dist/fonts/type1/public/amsfonts/cm/cmmi10.pfb><d:/latex/texlive/2020/texmf-dist/fonts/type1/public/amsfonts/cm/cmr10.pfb><d:/latex/texlive/2020/texmf-dist/fonts/type1/public/amsfonts/cm/cmsy10.pfb><d:/latex/texlive/2020/texmf-dist/fonts/type1/urw/times/utmb8a.pfb><d:/latex/texlive/2020/texmf-dist/fonts/type1/urw/times/utmr8a.pfb><d:/latex/texlive/2020/texmf-dist/fonts/type1/urw/times/utmri8a.pfb>
Output written on c:/Users/jiaxi/Desktop/version_control/templet_version/report/report.pdf (10 pages, 1537347 bytes).
PDF statistics:
 88 PDF objects out of 1000 (max. 8388607)
 44 compressed objects within 1 object stream
 0 named destinations out of 1000 (max. 500000)
 71 words of extra memory for PDF output out of 10000 (max. 10000000)

